2024-04-27 23:45:21,961 DEBUG - 10.164ms,make_request:getBlockNumber,sendbyts:70
2024-04-27 23:45:21,961 DEBUG - 10.673ms,commonrequest:getBlockNumber:DONE
2024-04-28 00:06:43,415 DEBUG - 10.316ms,make_request:getBlockNumber,sendbyts:70
2024-04-28 00:06:43,415 DEBUG - 10.316ms,commonrequest:getBlockNumber:DONE
2024-04-28 00:07:26,190 DEBUG - 9.999ms,make_request:getBlockNumber,sendbyts:70
2024-04-28 00:07:26,191 DEBUG - 10.540ms,commonrequest:getBlockNumber:DONE
2024-04-28 00:17:33,528 DEBUG - 10.547ms,make_request:call,sendbyts:266
2024-04-28 00:17:33,529 DEBUG - 11.056ms,commonrequest:call:DONE
2024-04-28 00:19:09,012 DEBUG - 11.838ms,make_request:call,sendbyts:266
2024-04-28 00:19:09,012 DEBUG - 12.394ms,commonrequest:call:DONE
2024-04-28 00:29:30,597 DEBUG - 9.727ms,make_request:call,sendbyts:266
2024-04-28 00:29:30,598 DEBUG - 10.289ms,commonrequest:call:DONE
2024-04-28 01:01:18,869 DEBUG - 16.553ms,make_request:call,sendbyts:650
2024-04-28 01:01:18,870 DEBUG - 17.606ms,commonrequest:call:DONE
2024-04-28 01:02:42,770 DEBUG - 13.162ms,make_request:call,sendbyts:650
2024-04-28 01:02:42,770 DEBUG - 13.673ms,commonrequest:call:DONE
2024-04-28 01:03:37,989 DEBUG - 8.558ms,make_request:getBlockNumber,sendbyts:70
2024-04-28 01:03:37,989 DEBUG - 9.124ms,commonrequest:getBlockNumber:DONE
2024-04-28 01:03:38,029 DEBUG - 17.993ms,make_request:sendRawTransaction,sendbyts:766
2024-04-28 01:03:38,029 DEBUG - 17.993ms,commonrequest:sendRawTransaction:DONE
2024-04-28 01:03:38,059 DEBUG - 29.963ms,make_request:getTransactionReceipt,sendbyts:147
2024-04-28 01:03:38,060 DEBUG - 30.469ms,commonrequest:getTransactionReceipt:DONE
2024-04-28 01:03:39,068 DEBUG - 7.449ms,make_request:getTransactionReceipt,sendbyts:147
2024-04-28 01:03:39,068 DEBUG - 7.449ms,commonrequest:getTransactionReceipt:DONE
2024-04-28 01:03:39,069 DEBUG - 1090.676ms,sendRawTransactionGetReceipt,DONE
2024-04-28 01:09:12,689 DEBUG - 10.824ms,make_request:getBlockNumber,sendbyts:70
2024-04-28 01:09:12,690 DEBUG - 11.832ms,commonrequest:getBlockNumber:DONE
2024-04-28 01:09:12,731 DEBUG - 22.240ms,make_request:sendRawTransaction,sendbyts:766
2024-04-28 01:09:12,732 DEBUG - 23.198ms,commonrequest:sendRawTransaction:DONE
2024-04-28 01:09:12,760 DEBUG - 27.768ms,make_request:getTransactionReceipt,sendbyts:147
2024-04-28 01:09:12,761 DEBUG - 28.326ms,commonrequest:getTransactionReceipt:DONE
2024-04-28 01:09:12,761 DEBUG - 85.129ms,sendRawTransactionGetReceipt,DONE
2024-04-28 01:12:04,570 DEBUG - 11.881ms,make_request:call,sendbyts:266
2024-04-28 01:12:04,571 DEBUG - 12.891ms,commonrequest:call:DONE
2024-04-28 01:12:19,861 DEBUG - 10.387ms,make_request:call,sendbyts:266
2024-04-28 01:12:19,862 DEBUG - 10.987ms,commonrequest:call:DONE
2024-04-28 01:13:00,063 DEBUG - 13.840ms,make_request:call,sendbyts:266
2024-04-28 01:13:00,064 DEBUG - 14.770ms,commonrequest:call:DONE
